

Started GET "/assets/rails.png" for 127.0.0.1 at 2013-03-17 02:48:32 +0800
Connecting to database specified by database.yml
Served asset /rails.png - 200 OK (46ms)


Started GET "/assets/rails.png" for 127.0.0.1 at 2013-03-17 11:12:45 +0800
Connecting to database specified by database.yml
Served asset /rails.png - 304 Not Modified (11ms)


Started GET "/assets/rails.png" for 127.0.0.1 at 2013-03-17 11:34:01 +0800
Served asset /rails.png - 200 OK (0ms)


Started GET "/assets/rails.png" for 127.0.0.1 at 2013-03-17 11:55:44 +0800
Served asset /rails.png - 304 Not Modified (0ms)


Started GET "/" for 127.0.0.1 at 2013-03-17 12:29:03 +0800

ActionController::RoutingError (uninitialized constant WelcomeController):
  activesupport (3.2.12) lib/active_support/inflector/methods.rb:230:in `block in constantize'
  activesupport (3.2.12) lib/active_support/inflector/methods.rb:229:in `each'
  activesupport (3.2.12) lib/active_support/inflector/methods.rb:229:in `constantize'
  actionpack (3.2.12) lib/action_dispatch/routing/route_set.rb:69:in `controller_reference'
  actionpack (3.2.12) lib/action_dispatch/routing/route_set.rb:54:in `controller'
  actionpack (3.2.12) lib/action_dispatch/routing/route_set.rb:32:in `call'
  journey (1.0.4) lib/journey/router.rb:68:in `block in call'
  journey (1.0.4) lib/journey/router.rb:56:in `each'
  journey (1.0.4) lib/journey/router.rb:56:in `call'
  actionpack (3.2.12) lib/action_dispatch/routing/route_set.rb:601:in `call'
  actionpack (3.2.12) lib/action_dispatch/middleware/best_standards_support.rb:17:in `call'
  rack (1.4.5) lib/rack/etag.rb:23:in `call'
  rack (1.4.5) lib/rack/conditionalget.rb:25:in `call'
  actionpack (3.2.12) lib/action_dispatch/middleware/head.rb:14:in `call'
  actionpack (3.2.12) lib/action_dispatch/middleware/params_parser.rb:21:in `call'
  actionpack (3.2.12) lib/action_dispatch/middleware/flash.rb:242:in `call'
  rack (1.4.5) lib/rack/session/abstract/id.rb:210:in `context'
  rack (1.4.5) lib/rack/session/abstract/id.rb:205:in `call'
  actionpack (3.2.12) lib/action_dispatch/middleware/cookies.rb:341:in `call'
  activerecord (3.2.12) lib/active_record/query_cache.rb:64:in `call'
  activerecord (3.2.12) lib/active_record/connection_adapters/abstract/connection_pool.rb:479:in `call'
  actionpack (3.2.12) lib/action_dispatch/middleware/callbacks.rb:28:in `block in call'
  activesupport (3.2.12) lib/active_support/callbacks.rb:405:in `_run__1371330235043668310__call__2097495042698356361__callbacks'
  activesupport (3.2.12) lib/active_support/callbacks.rb:405:in `__run_callback'
  activesupport (3.2.12) lib/active_support/callbacks.rb:385:in `_run_call_callbacks'
  activesupport (3.2.12) lib/active_support/callbacks.rb:81:in `run_callbacks'
  actionpack (3.2.12) lib/action_dispatch/middleware/callbacks.rb:27:in `call'
  actionpack (3.2.12) lib/action_dispatch/middleware/reloader.rb:65:in `call'
  actionpack (3.2.12) lib/action_dispatch/middleware/remote_ip.rb:31:in `call'
  actionpack (3.2.12) lib/action_dispatch/middleware/debug_exceptions.rb:16:in `call'
  actionpack (3.2.12) lib/action_dispatch/middleware/show_exceptions.rb:56:in `call'
  railties (3.2.12) lib/rails/rack/logger.rb:32:in `call_app'
  railties (3.2.12) lib/rails/rack/logger.rb:16:in `block in call'
  activesupport (3.2.12) lib/active_support/tagged_logging.rb:22:in `tagged'
  railties (3.2.12) lib/rails/rack/logger.rb:16:in `call'
  actionpack (3.2.12) lib/action_dispatch/middleware/request_id.rb:22:in `call'
  rack (1.4.5) lib/rack/methodoverride.rb:21:in `call'
  rack (1.4.5) lib/rack/runtime.rb:17:in `call'
  activesupport (3.2.12) lib/active_support/cache/strategy/local_cache.rb:72:in `call'
  rack (1.4.5) lib/rack/lock.rb:15:in `call'
  actionpack (3.2.12) lib/action_dispatch/middleware/static.rb:62:in `call'
  railties (3.2.12) lib/rails/engine.rb:479:in `call'
  railties (3.2.12) lib/rails/application.rb:223:in `call'
  rack (1.4.5) lib/rack/content_length.rb:14:in `call'
  railties (3.2.12) lib/rails/rack/log_tailer.rb:17:in `call'
  rack (1.4.5) lib/rack/handler/webrick.rb:59:in `service'
  /Users/chentenmin/.rvm/rubies/ruby-1.9.3-p327/lib/ruby/1.9.1/webrick/httpserver.rb:138:in `service'
  /Users/chentenmin/.rvm/rubies/ruby-1.9.3-p327/lib/ruby/1.9.1/webrick/httpserver.rb:94:in `run'
  /Users/chentenmin/.rvm/rubies/ruby-1.9.3-p327/lib/ruby/1.9.1/webrick/server.rb:191:in `block in start_thread'


  Rendered /Users/chentenmin/.rvm/gems/ruby-1.9.3-p327/gems/actionpack-3.2.12/lib/action_dispatch/middleware/templates/rescues/routing_error.erb within rescues/layout (4.4ms)
Connecting to database specified by database.yml
Connecting to database specified by database.yml
  [1m[36m (0.2ms)[0m  [1mselect sqlite_version(*)[0m
  [1m[35m (1.6ms)[0m  CREATE TABLE "schema_migrations" ("version" varchar(255) NOT NULL) 
  [1m[36m (1.2ms)[0m  [1mCREATE UNIQUE INDEX "unique_schema_migrations" ON "schema_migrations" ("version")[0m
  [1m[35m (15.2ms)[0m  SELECT "schema_migrations"."version" FROM "schema_migrations" 
Migrating to CreateEvents (20130317045544)
  [1m[36m (0.0ms)[0m  [1mbegin transaction[0m
  [1m[35m (0.4ms)[0m  CREATE TABLE "events" ("id" INTEGER PRIMARY KEY AUTOINCREMENT NOT NULL, "name" varchar(255), "description" text, "is_public" boolean, "capacity" integer, "created_at" datetime NOT NULL, "updated_at" datetime NOT NULL) 
  [1m[36m (0.1ms)[0m  [1mINSERT INTO "schema_migrations" ("version") VALUES ('20130317045544')[0m
  [1m[35m (1.4ms)[0m  commit transaction
  [1m[36m (0.1ms)[0m  [1mSELECT "schema_migrations"."version" FROM "schema_migrations" [0m
Connecting to database specified by database.yml


Started GET "/event" for 127.0.0.1 at 2013-03-17 13:12:49 +0800

ActionController::RoutingError (No route matches [GET] "/event"):
  actionpack (3.2.12) lib/action_dispatch/middleware/debug_exceptions.rb:21:in `call'
  actionpack (3.2.12) lib/action_dispatch/middleware/show_exceptions.rb:56:in `call'
  railties (3.2.12) lib/rails/rack/logger.rb:32:in `call_app'
  railties (3.2.12) lib/rails/rack/logger.rb:16:in `block in call'
  activesupport (3.2.12) lib/active_support/tagged_logging.rb:22:in `tagged'
  railties (3.2.12) lib/rails/rack/logger.rb:16:in `call'
  actionpack (3.2.12) lib/action_dispatch/middleware/request_id.rb:22:in `call'
  rack (1.4.5) lib/rack/methodoverride.rb:21:in `call'
  rack (1.4.5) lib/rack/runtime.rb:17:in `call'
  activesupport (3.2.12) lib/active_support/cache/strategy/local_cache.rb:72:in `call'
  rack (1.4.5) lib/rack/lock.rb:15:in `call'
  actionpack (3.2.12) lib/action_dispatch/middleware/static.rb:62:in `call'
  railties (3.2.12) lib/rails/engine.rb:479:in `call'
  railties (3.2.12) lib/rails/application.rb:223:in `call'
  rack (1.4.5) lib/rack/content_length.rb:14:in `call'
  railties (3.2.12) lib/rails/rack/log_tailer.rb:17:in `call'
  rack (1.4.5) lib/rack/handler/webrick.rb:59:in `service'
  /Users/chentenmin/.rvm/rubies/ruby-1.9.3-p327/lib/ruby/1.9.1/webrick/httpserver.rb:138:in `service'
  /Users/chentenmin/.rvm/rubies/ruby-1.9.3-p327/lib/ruby/1.9.1/webrick/httpserver.rb:94:in `run'
  /Users/chentenmin/.rvm/rubies/ruby-1.9.3-p327/lib/ruby/1.9.1/webrick/server.rb:191:in `block in start_thread'


  Rendered /Users/chentenmin/.rvm/gems/ruby-1.9.3-p327/gems/actionpack-3.2.12/lib/action_dispatch/middleware/templates/rescues/routing_error.erb within rescues/layout (0.8ms)


Started GET "/events" for 127.0.0.1 at 2013-03-17 13:12:52 +0800
Processing by EventsController#index as HTML
  [1m[36mEvent Load (0.1ms)[0m  [1mSELECT "events".* FROM "events" [0m
  Rendered events/index.html.erb within layouts/application (2.7ms)
Compiled events.css  (29ms)  (pid 282)
Compiled application.css  (38ms)  (pid 282)
Compiled jquery.js  (27ms)  (pid 282)
Compiled jquery_ujs.js  (0ms)  (pid 282)
Compiled events.js  (139ms)  (pid 282)
Compiled application.js  (222ms)  (pid 282)
Completed 200 OK in 384ms (Views: 327.3ms | ActiveRecord: 2.4ms)


Started GET "/assets/application.css?body=1" for 127.0.0.1 at 2013-03-17 13:12:53 +0800
Served asset /application.css - 200 OK (11ms)


Started GET "/assets/events.css?body=1" for 127.0.0.1 at 2013-03-17 13:12:53 +0800
Served asset /events.css - 200 OK (3ms)


Started GET "/assets/events.js?body=1" for 127.0.0.1 at 2013-03-17 13:12:53 +0800
Served asset /events.js - 200 OK (1ms)


Started GET "/assets/jquery.js?body=1" for 127.0.0.1 at 2013-03-17 13:12:53 +0800
Served asset /jquery.js - 200 OK (2ms)


Started GET "/assets/jquery_ujs.js?body=1" for 127.0.0.1 at 2013-03-17 13:12:53 +0800
Served asset /jquery_ujs.js - 200 OK (4ms)


Started GET "/assets/application.js?body=1" for 127.0.0.1 at 2013-03-17 13:12:53 +0800
Served asset /application.js - 200 OK (9ms)


Started GET "/events/show/1" for 127.0.0.1 at 2013-03-17 13:12:55 +0800
Processing by EventsController#show as HTML
  Parameters: {"id"=>"1"}
  [1m[35mEvent Load (0.3ms)[0m  SELECT "events".* FROM "events" WHERE "events"."id" = ? LIMIT 1  [["id", "1"]]
  Rendered events/show.html.erb within layouts/application (20.9ms)
Completed 200 OK in 29ms (Views: 26.4ms | ActiveRecord: 0.3ms)


Started GET "/events/edit/1" for 127.0.0.1 at 2013-03-17 13:12:57 +0800
Processing by EventsController#edit as HTML
  Parameters: {"id"=>"1"}
  [1m[36mEvent Load (0.1ms)[0m  [1mSELECT "events".* FROM "events" WHERE "events"."id" = ? LIMIT 1[0m  [["id", "1"]]
  Rendered events/_form.html.erb (1.3ms)
  Rendered events/edit.html.erb within layouts/application (44.9ms)
Completed 200 OK in 52ms (Views: 50.2ms | ActiveRecord: 0.1ms)


Started GET "/events/new" for 127.0.0.1 at 2013-03-17 13:13:02 +0800
Processing by EventsController#new as HTML
  Rendered events/_form.html.erb (0.7ms)
  Rendered events/new.html.erb within layouts/application (3.1ms)
Completed 200 OK in 9ms (Views: 8.4ms | ActiveRecord: 0.0ms)


Started POST "/events/create" for 127.0.0.1 at 2013-03-17 13:13:09 +0800
Processing by EventsController#create as HTML
  Parameters: {"utf8"=>"✓", "authenticity_token"=>"P2hUz/QgADQKgJNIMcblMusVUF/sR3kcSWZ5i+F2TQM=", "event"=>{"name"=>"sara", "description"=>"zoro"}, "commit"=>"Create"}
  [1m[35m (0.1ms)[0m  begin transaction
  [1m[36mSQL (43.4ms)[0m  [1mINSERT INTO "events" ("capacity", "created_at", "description", "is_public", "name", "updated_at") VALUES (?, ?, ?, ?, ?, ?)[0m  [["capacity", nil], ["created_at", Sun, 17 Mar 2013 05:13:09 UTC +00:00], ["description", "zoro"], ["is_public", nil], ["name", "sara"], ["updated_at", Sun, 17 Mar 2013 05:13:09 UTC +00:00]]
  [1m[35m (1.8ms)[0m  commit transaction
Redirected to http://localhost:3000/events
Completed 302 Found in 50ms (ActiveRecord: 45.3ms)


Started GET "/events" for 127.0.0.1 at 2013-03-17 13:13:09 +0800
Processing by EventsController#index as HTML
  [1m[36mEvent Load (0.2ms)[0m  [1mSELECT "events".* FROM "events" [0m
  Rendered events/index.html.erb within layouts/application (2.9ms)
Completed 200 OK in 9ms (Views: 8.2ms | ActiveRecord: 0.2ms)


Started GET "/events" for 127.0.0.1 at 2013-03-17 13:15:49 +0800
Processing by EventsController#index as HTML
  [1m[35mEvent Load (0.1ms)[0m  SELECT "events".* FROM "events" 
  Rendered events/index.html.erb within layouts/application (3.2ms)
Completed 200 OK in 19ms (Views: 8.6ms | ActiveRecord: 0.6ms)


Started GET "/assets/events.css?body=1" for 127.0.0.1 at 2013-03-17 13:15:49 +0800
Served asset /events.css - 304 Not Modified (0ms)


Started GET "/assets/application.css?body=1" for 127.0.0.1 at 2013-03-17 13:15:49 +0800
Served asset /application.css - 304 Not Modified (0ms)


Started GET "/assets/jquery.js?body=1" for 127.0.0.1 at 2013-03-17 13:15:49 +0800
Served asset /jquery.js - 304 Not Modified (0ms)


Started GET "/assets/jquery_ujs.js?body=1" for 127.0.0.1 at 2013-03-17 13:15:49 +0800
Served asset /jquery_ujs.js - 304 Not Modified (0ms)


Started GET "/assets/events.js?body=1" for 127.0.0.1 at 2013-03-17 13:15:49 +0800
Served asset /events.js - 304 Not Modified (0ms)


Started GET "/assets/application.js?body=1" for 127.0.0.1 at 2013-03-17 13:15:49 +0800
Served asset /application.js - 304 Not Modified (0ms)


Started GET "/events" for 127.0.0.1 at 2013-03-17 13:15:50 +0800
Processing by EventsController#index as HTML
  [1m[36mEvent Load (0.2ms)[0m  [1mSELECT "events".* FROM "events" [0m
  Rendered events/index.html.erb within layouts/application (2.6ms)
Completed 200 OK in 10ms (Views: 8.5ms | ActiveRecord: 0.2ms)


Started GET "/assets/application.css?body=1" for 127.0.0.1 at 2013-03-17 13:15:50 +0800
Served asset /application.css - 304 Not Modified (0ms)


Started GET "/assets/jquery_ujs.js?body=1" for 127.0.0.1 at 2013-03-17 13:15:50 +0800
Served asset /jquery_ujs.js - 304 Not Modified (0ms)


Started GET "/assets/events.css?body=1" for 127.0.0.1 at 2013-03-17 13:15:50 +0800
Served asset /events.css - 304 Not Modified (0ms)


Started GET "/assets/application.js?body=1" for 127.0.0.1 at 2013-03-17 13:15:50 +0800
Served asset /application.js - 304 Not Modified (0ms)


Started GET "/assets/events.js?body=1" for 127.0.0.1 at 2013-03-17 13:15:50 +0800
Served asset /events.js - 304 Not Modified (0ms)


Started GET "/events/1" for 127.0.0.1 at 2013-03-17 13:15:52 +0800
Processing by EventsController#show as HTML
  Parameters: {"id"=>"1"}
  [1m[35mEvent Load (0.2ms)[0m  SELECT "events".* FROM "events" WHERE "events"."id" = ? LIMIT 1  [["id", "1"]]
  Rendered events/show.html.erb within layouts/application (0.8ms)
Completed 200 OK in 8ms (Views: 6.0ms | ActiveRecord: 0.2ms)


Started GET "/assets/jquery.js?body=1" for 127.0.0.1 at 2013-03-17 13:15:52 +0800
Served asset /jquery.js - 200 OK (0ms)


Started GET "/assets/application.css?body=1" for 127.0.0.1 at 2013-03-17 13:15:52 +0800
Served asset /application.css - 304 Not Modified (0ms)


Started GET "/assets/jquery_ujs.js?body=1" for 127.0.0.1 at 2013-03-17 13:15:52 +0800
Served asset /jquery_ujs.js - 304 Not Modified (0ms)


Started GET "/assets/events.css?body=1" for 127.0.0.1 at 2013-03-17 13:15:52 +0800
Served asset /events.css - 304 Not Modified (0ms)


Started GET "/assets/events.js?body=1" for 127.0.0.1 at 2013-03-17 13:15:52 +0800
Served asset /events.js - 304 Not Modified (0ms)


Started GET "/assets/application.js?body=1" for 127.0.0.1 at 2013-03-17 13:15:52 +0800
Served asset /application.js - 304 Not Modified (0ms)


Started GET "/events" for 127.0.0.1 at 2013-03-17 13:17:22 +0800
Processing by EventsController#index as HTML
  [1m[36mEvent Load (0.2ms)[0m  [1mSELECT "events".* FROM "events" [0m
  Rendered events/index.html.erb within layouts/application (2.6ms)
Completed 200 OK in 9ms (Views: 7.9ms | ActiveRecord: 0.2ms)


Started GET "/assets/application.css?body=1" for 127.0.0.1 at 2013-03-17 13:17:22 +0800
Served asset /application.css - 304 Not Modified (0ms)


Started GET "/assets/jquery_ujs.js?body=1" for 127.0.0.1 at 2013-03-17 13:17:22 +0800
Served asset /jquery_ujs.js - 304 Not Modified (0ms)


Started GET "/assets/jquery.js?body=1" for 127.0.0.1 at 2013-03-17 13:17:22 +0800
Served asset /jquery.js - 304 Not Modified (0ms)


Started GET "/assets/events.css?body=1" for 127.0.0.1 at 2013-03-17 13:17:22 +0800
Served asset /events.css - 304 Not Modified (0ms)


Started GET "/assets/events.js?body=1" for 127.0.0.1 at 2013-03-17 13:17:22 +0800
Served asset /events.js - 304 Not Modified (0ms)


Started GET "/assets/application.js?body=1" for 127.0.0.1 at 2013-03-17 13:17:22 +0800
Served asset /application.js - 304 Not Modified (0ms)


Started GET "/events/new" for 127.0.0.1 at 2013-03-17 13:17:25 +0800
Processing by EventsController#new as HTML
  Rendered events/_form.html.erb (1.2ms)
  Rendered events/new.html.erb within layouts/application (4.9ms)
Completed 200 OK in 11ms (Views: 10.7ms | ActiveRecord: 0.0ms)


Started GET "/assets/application.css?body=1" for 127.0.0.1 at 2013-03-17 13:17:25 +0800
Served asset /application.css - 304 Not Modified (0ms)


Started GET "/assets/events.css?body=1" for 127.0.0.1 at 2013-03-17 13:17:25 +0800
Served asset /events.css - 304 Not Modified (0ms)


Started GET "/assets/jquery.js?body=1" for 127.0.0.1 at 2013-03-17 13:17:25 +0800
Served asset /jquery.js - 304 Not Modified (0ms)


Started GET "/assets/events.js?body=1" for 127.0.0.1 at 2013-03-17 13:17:25 +0800
Served asset /events.js - 304 Not Modified (0ms)


Started GET "/assets/jquery_ujs.js?body=1" for 127.0.0.1 at 2013-03-17 13:17:25 +0800
Served asset /jquery_ujs.js - 304 Not Modified (0ms)


Started GET "/assets/application.js?body=1" for 127.0.0.1 at 2013-03-17 13:17:25 +0800
Served asset /application.js - 304 Not Modified (0ms)


Started GET "/" for 127.0.0.1 at 2013-03-17 13:19:18 +0800
Processing by EventsController#index as HTML
  [1m[35mEvent Load (0.1ms)[0m  SELECT "events".* FROM "events" 
  Rendered events/index.html.erb within layouts/application (2.4ms)
Completed 200 OK in 19ms (Views: 8.1ms | ActiveRecord: 0.5ms)


Started GET "/assets/application.css?body=1" for 127.0.0.1 at 2013-03-17 13:19:18 +0800
Served asset /application.css - 304 Not Modified (0ms)


Started GET "/assets/events.css?body=1" for 127.0.0.1 at 2013-03-17 13:19:18 +0800
Served asset /events.css - 304 Not Modified (0ms)


Started GET "/assets/jquery_ujs.js?body=1" for 127.0.0.1 at 2013-03-17 13:19:18 +0800
Served asset /jquery_ujs.js - 304 Not Modified (0ms)


Started GET "/assets/jquery.js?body=1" for 127.0.0.1 at 2013-03-17 13:19:18 +0800
Served asset /jquery.js - 304 Not Modified (0ms)


Started GET "/assets/application.js?body=1" for 127.0.0.1 at 2013-03-17 13:19:18 +0800
Served asset /application.js - 304 Not Modified (0ms)


Started GET "/assets/events.js?body=1" for 127.0.0.1 at 2013-03-17 13:19:18 +0800
Served asset /events.js - 304 Not Modified (0ms)


Started GET "/events/new" for 127.0.0.1 at 2013-03-17 13:19:20 +0800
Processing by EventsController#new as HTML
  Rendered events/_form.html.erb (0.7ms)
  Rendered events/new.html.erb within layouts/application (3.2ms)
Completed 200 OK in 9ms (Views: 8.3ms | ActiveRecord: 0.0ms)


Started GET "/assets/jquery.js?body=1" for 127.0.0.1 at 2013-03-17 13:19:20 +0800
Served asset /jquery.js - 304 Not Modified (0ms)


Started GET "/assets/application.css?body=1" for 127.0.0.1 at 2013-03-17 13:19:20 +0800
Served asset /application.css - 304 Not Modified (0ms)


Started GET "/assets/events.js?body=1" for 127.0.0.1 at 2013-03-17 13:19:20 +0800
Served asset /events.js - 304 Not Modified (0ms)


Started GET "/assets/events.css?body=1" for 127.0.0.1 at 2013-03-17 13:19:20 +0800
Served asset /events.css - 304 Not Modified (0ms)


Started GET "/assets/application.js?body=1" for 127.0.0.1 at 2013-03-17 13:19:20 +0800
Served asset /application.js - 304 Not Modified (0ms)


Started GET "/assets/jquery_ujs.js?body=1" for 127.0.0.1 at 2013-03-17 13:19:20 +0800
Served asset /jquery_ujs.js - 304 Not Modified (0ms)


Started POST "/events" for 127.0.0.1 at 2013-03-17 13:19:28 +0800
Processing by EventsController#create as HTML
  Parameters: {"utf8"=>"✓", "authenticity_token"=>"P2hUz/QgADQKgJNIMcblMusVUF/sR3kcSWZ5i+F2TQM=", "event"=>{"name"=>"hello", "description"=>"guy"}, "commit"=>"Create"}
  [1m[36m (0.1ms)[0m  [1mbegin transaction[0m
  [1m[35mSQL (0.6ms)[0m  INSERT INTO "events" ("capacity", "created_at", "description", "is_public", "name", "updated_at") VALUES (?, ?, ?, ?, ?, ?)  [["capacity", nil], ["created_at", Sun, 17 Mar 2013 05:19:28 UTC +00:00], ["description", "guy"], ["is_public", nil], ["name", "hello"], ["updated_at", Sun, 17 Mar 2013 05:19:28 UTC +00:00]]
  [1m[36m (0.9ms)[0m  [1mcommit transaction[0m
Redirected to http://localhost:3000/events
Completed 302 Found in 6ms (ActiveRecord: 1.6ms)


Started GET "/events" for 127.0.0.1 at 2013-03-17 13:19:28 +0800
Processing by EventsController#index as HTML
  [1m[35mEvent Load (0.2ms)[0m  SELECT "events".* FROM "events" 
  Rendered events/index.html.erb within layouts/application (21.6ms)
Completed 200 OK in 28ms (Views: 26.6ms | ActiveRecord: 0.2ms)


Started GET "/assets/application.css?body=1" for 127.0.0.1 at 2013-03-17 13:19:28 +0800
Served asset /application.css - 304 Not Modified (0ms)


Started GET "/assets/events.css?body=1" for 127.0.0.1 at 2013-03-17 13:19:28 +0800
Served asset /events.css - 304 Not Modified (0ms)


Started GET "/assets/jquery.js?body=1" for 127.0.0.1 at 2013-03-17 13:19:28 +0800
Served asset /jquery.js - 304 Not Modified (0ms)


Started GET "/assets/jquery_ujs.js?body=1" for 127.0.0.1 at 2013-03-17 13:19:28 +0800
Served asset /jquery_ujs.js - 304 Not Modified (0ms)


Started GET "/assets/events.js?body=1" for 127.0.0.1 at 2013-03-17 13:19:28 +0800
Served asset /events.js - 304 Not Modified (0ms)


Started GET "/assets/application.js?body=1" for 127.0.0.1 at 2013-03-17 13:19:28 +0800
Served asset /application.js - 304 Not Modified (0ms)


Started GET "/events/3" for 127.0.0.1 at 2013-03-17 13:19:31 +0800
Processing by EventsController#show as HTML
  Parameters: {"id"=>"3"}
  [1m[36mEvent Load (0.2ms)[0m  [1mSELECT "events".* FROM "events" WHERE "events"."id" = ? LIMIT 1[0m  [["id", "3"]]
  Rendered events/show.html.erb within layouts/application (1.1ms)
Completed 200 OK in 9ms (Views: 7.2ms | ActiveRecord: 0.2ms)


Started GET "/assets/application.css?body=1" for 127.0.0.1 at 2013-03-17 13:19:31 +0800
Served asset /application.css - 304 Not Modified (0ms)


Started GET "/assets/events.css?body=1" for 127.0.0.1 at 2013-03-17 13:19:31 +0800
Served asset /events.css - 304 Not Modified (0ms)


Started GET "/assets/events.js?body=1" for 127.0.0.1 at 2013-03-17 13:19:31 +0800
Served asset /events.js - 304 Not Modified (0ms)


Started GET "/assets/jquery.js?body=1" for 127.0.0.1 at 2013-03-17 13:19:31 +0800
Served asset /jquery.js - 304 Not Modified (0ms)


Started GET "/assets/jquery_ujs.js?body=1" for 127.0.0.1 at 2013-03-17 13:19:31 +0800
Served asset /jquery_ujs.js - 304 Not Modified (0ms)


Started GET "/assets/application.js?body=1" for 127.0.0.1 at 2013-03-17 13:19:31 +0800
Served asset /application.js - 304 Not Modified (0ms)


Started GET "/events" for 127.0.0.1 at 2013-03-17 13:19:32 +0800
Processing by EventsController#index as HTML
  [1m[35mEvent Load (0.2ms)[0m  SELECT "events".* FROM "events" 
  Rendered events/index.html.erb within layouts/application (4.2ms)
Completed 200 OK in 11ms (Views: 9.7ms | ActiveRecord: 0.2ms)


Started GET "/assets/application.css?body=1" for 127.0.0.1 at 2013-03-17 13:19:32 +0800
Served asset /application.css - 304 Not Modified (0ms)


Started GET "/assets/jquery_ujs.js?body=1" for 127.0.0.1 at 2013-03-17 13:19:32 +0800
Served asset /jquery_ujs.js - 304 Not Modified (0ms)


Started GET "/assets/jquery.js?body=1" for 127.0.0.1 at 2013-03-17 13:19:32 +0800
Served asset /jquery.js - 304 Not Modified (0ms)


Started GET "/assets/events.css?body=1" for 127.0.0.1 at 2013-03-17 13:19:32 +0800
Served asset /events.css - 304 Not Modified (0ms)


Started GET "/assets/application.js?body=1" for 127.0.0.1 at 2013-03-17 13:19:32 +0800
Served asset /application.js - 304 Not Modified (0ms)


Started GET "/assets/events.js?body=1" for 127.0.0.1 at 2013-03-17 13:19:32 +0800
Served asset /events.js - 304 Not Modified (0ms)


Started GET "/events" for 127.0.0.1 at 2013-03-17 13:30:13 +0800
Processing by EventsController#index as HTML
  [1m[36mEvent Load (0.2ms)[0m  [1mSELECT "events".* FROM "events" [0m
  Rendered events/index.html.erb within layouts/application (3.8ms)
Completed 200 OK in 11ms (Views: 9.6ms | ActiveRecord: 0.2ms)


Started GET "/assets/application.css?body=1" for 127.0.0.1 at 2013-03-17 13:30:13 +0800
Served asset /application.css - 304 Not Modified (0ms)


Started GET "/assets/events.css?body=1" for 127.0.0.1 at 2013-03-17 13:30:13 +0800
Served asset /events.css - 304 Not Modified (0ms)


Started GET "/assets/jquery.js?body=1" for 127.0.0.1 at 2013-03-17 13:30:13 +0800
Served asset /jquery.js - 304 Not Modified (0ms)


Started GET "/assets/events.js?body=1" for 127.0.0.1 at 2013-03-17 13:30:13 +0800
Served asset /events.js - 304 Not Modified (0ms)


Started GET "/assets/jquery_ujs.js?body=1" for 127.0.0.1 at 2013-03-17 13:30:13 +0800
Served asset /jquery_ujs.js - 304 Not Modified (0ms)


Started GET "/assets/application.js?body=1" for 127.0.0.1 at 2013-03-17 13:30:13 +0800
Served asset /application.js - 304 Not Modified (0ms)


Started GET "/events/new" for 127.0.0.1 at 2013-03-17 13:30:17 +0800
Processing by EventsController#new as HTML
  Rendered events/_form.html.erb (0.7ms)
  Rendered events/new.html.erb within layouts/application (2.2ms)
Completed 200 OK in 8ms (Views: 7.2ms | ActiveRecord: 0.0ms)


Started GET "/assets/jquery.js?body=1" for 127.0.0.1 at 2013-03-17 13:30:17 +0800
Served asset /jquery.js - 304 Not Modified (0ms)


Started GET "/assets/application.css?body=1" for 127.0.0.1 at 2013-03-17 13:30:17 +0800
Served asset /application.css - 304 Not Modified (0ms)


Started GET "/assets/jquery_ujs.js?body=1" for 127.0.0.1 at 2013-03-17 13:30:17 +0800
Served asset /jquery_ujs.js - 304 Not Modified (0ms)


Started GET "/assets/events.css?body=1" for 127.0.0.1 at 2013-03-17 13:30:17 +0800
Served asset /events.css - 304 Not Modified (0ms)


Started GET "/assets/application.js?body=1" for 127.0.0.1 at 2013-03-17 13:30:17 +0800
Served asset /application.js - 304 Not Modified (0ms)


Started GET "/assets/events.js?body=1" for 127.0.0.1 at 2013-03-17 13:30:17 +0800
Served asset /events.js - 304 Not Modified (0ms)


Started GET "/events" for 127.0.0.1 at 2013-03-17 13:35:49 +0800
Processing by EventsController#index as HTML
  [1m[35mEvent Load (0.2ms)[0m  SELECT "events".* FROM "events" 
  Rendered events/index.html.erb within layouts/application (4.1ms)
Completed 200 OK in 11ms (Views: 9.2ms | ActiveRecord: 0.2ms)


Started GET "/assets/application.css?body=1" for 127.0.0.1 at 2013-03-17 13:35:49 +0800
Served asset /application.css - 304 Not Modified (0ms)


Started GET "/assets/application.js?body=1" for 127.0.0.1 at 2013-03-17 13:35:49 +0800
Served asset /application.js - 304 Not Modified (0ms)


Started GET "/assets/events.css?body=1" for 127.0.0.1 at 2013-03-17 13:35:49 +0800
Served asset /events.css - 304 Not Modified (0ms)


Started GET "/assets/events.js?body=1" for 127.0.0.1 at 2013-03-17 13:35:49 +0800
Served asset /events.js - 304 Not Modified (0ms)


Started GET "/assets/jquery.js?body=1" for 127.0.0.1 at 2013-03-17 13:35:49 +0800
Served asset /jquery.js - 304 Not Modified (0ms)


Started GET "/assets/jquery_ujs.js?body=1" for 127.0.0.1 at 2013-03-17 13:35:49 +0800
Served asset /jquery_ujs.js - 304 Not Modified (0ms)


Started GET "/events" for 127.0.0.1 at 2013-03-17 13:36:05 +0800
Processing by EventsController#index as HTML
  [1m[36mEvent Load (0.2ms)[0m  [1mSELECT "events".* FROM "events" [0m
  Rendered events/index.html.erb within layouts/application (4.3ms)
Completed 200 OK in 11ms (Views: 9.5ms | ActiveRecord: 0.2ms)


Started GET "/assets/application.css?body=1" for 127.0.0.1 at 2013-03-17 13:36:05 +0800
Served asset /application.css - 304 Not Modified (0ms)


Started GET "/assets/events.css?body=1" for 127.0.0.1 at 2013-03-17 13:36:05 +0800
Served asset /events.css - 304 Not Modified (0ms)


Started GET "/assets/jquery.js?body=1" for 127.0.0.1 at 2013-03-17 13:36:05 +0800
Served asset /jquery.js - 304 Not Modified (0ms)


Started GET "/assets/application.js?body=1" for 127.0.0.1 at 2013-03-17 13:36:05 +0800
Served asset /application.js - 304 Not Modified (0ms)


Started GET "/assets/events.js?body=1" for 127.0.0.1 at 2013-03-17 13:36:05 +0800
Served asset /events.js - 304 Not Modified (0ms)


Started GET "/assets/jquery_ujs.js?body=1" for 127.0.0.1 at 2013-03-17 13:36:05 +0800
Served asset /jquery_ujs.js - 304 Not Modified (0ms)


Started GET "/" for 127.0.0.1 at 2013-03-17 16:15:30 +0800
Processing by EventsController#index as HTML
  [1m[35mEvent Load (0.2ms)[0m  SELECT "events".* FROM "events" 
  Rendered events/index.html.erb within layouts/application (3.3ms)
Completed 200 OK in 36ms (Views: 35.1ms | ActiveRecord: 0.2ms)


Started GET "/assets/jquery.js?body=1" for 127.0.0.1 at 2013-03-17 16:15:30 +0800
Served asset /jquery.js - 304 Not Modified (0ms)


Started GET "/assets/jquery_ujs.js?body=1" for 127.0.0.1 at 2013-03-17 16:15:30 +0800
Served asset /jquery_ujs.js - 304 Not Modified (0ms)


Started GET "/assets/application.css?body=1" for 127.0.0.1 at 2013-03-17 16:15:30 +0800
Served asset /application.css - 304 Not Modified (0ms)


Started GET "/assets/events.js?body=1" for 127.0.0.1 at 2013-03-17 16:15:30 +0800
Served asset /events.js - 304 Not Modified (0ms)


Started GET "/assets/events.css?body=1" for 127.0.0.1 at 2013-03-17 16:15:30 +0800
Served asset /events.css - 304 Not Modified (0ms)


Started GET "/assets/application.js?body=1" for 127.0.0.1 at 2013-03-17 16:15:30 +0800
Served asset /application.js - 304 Not Modified (0ms)


Started GET "/" for 127.0.0.1 at 2013-03-17 16:54:04 +0800
Processing by EventsController#index as HTML
  [1m[36mEvent Load (0.2ms)[0m  [1mSELECT "events".* FROM "events" [0m
  Rendered events/index.html.erb within layouts/application (3.4ms)
Completed 200 OK in 10ms (Views: 8.2ms | ActiveRecord: 0.2ms)


Started GET "/assets/jquery.js?body=1" for 127.0.0.1 at 2013-03-17 16:54:04 +0800
Served asset /jquery.js - 304 Not Modified (0ms)


Started GET "/assets/jquery_ujs.js?body=1" for 127.0.0.1 at 2013-03-17 16:54:04 +0800
Served asset /jquery_ujs.js - 304 Not Modified (0ms)


Started GET "/assets/application.css?body=1" for 127.0.0.1 at 2013-03-17 16:54:04 +0800
Served asset /application.css - 304 Not Modified (0ms)


Started GET "/assets/events.js?body=1" for 127.0.0.1 at 2013-03-17 16:54:04 +0800
Served asset /events.js - 304 Not Modified (0ms)


Started GET "/assets/events.css?body=1" for 127.0.0.1 at 2013-03-17 16:54:04 +0800
Served asset /events.css - 304 Not Modified (0ms)


Started GET "/assets/application.js?body=1" for 127.0.0.1 at 2013-03-17 16:54:04 +0800
Served asset /application.js - 304 Not Modified (0ms)


Started GET "/" for 127.0.0.1 at 2013-03-17 17:17:04 +0800
Processing by EventsController#index as HTML
  [1m[35mEvent Load (0.2ms)[0m  SELECT "events".* FROM "events" 
  Rendered events/index.html.erb within layouts/application (43.1ms)
Completed 200 OK in 50ms (Views: 49.4ms | ActiveRecord: 0.2ms)


Started GET "/assets/events.css?body=1" for 127.0.0.1 at 2013-03-17 17:17:04 +0800
Served asset /events.css - 304 Not Modified (0ms)


Started GET "/assets/application.js?body=1" for 127.0.0.1 at 2013-03-17 17:17:04 +0800
Served asset /application.js - 304 Not Modified (0ms)


Started GET "/assets/application.css?body=1" for 127.0.0.1 at 2013-03-17 17:17:04 +0800
Served asset /application.css - 304 Not Modified (0ms)


Started GET "/assets/events.js?body=1" for 127.0.0.1 at 2013-03-17 17:17:04 +0800
Served asset /events.js - 304 Not Modified (0ms)


Started GET "/assets/jquery_ujs.js?body=1" for 127.0.0.1 at 2013-03-17 17:17:04 +0800
Served asset /jquery_ujs.js - 304 Not Modified (0ms)


Started GET "/assets/jquery.js?body=1" for 127.0.0.1 at 2013-03-17 17:17:04 +0800
Served asset /jquery.js - 304 Not Modified (0ms)


Started GET "/" for 127.0.0.1 at 2013-03-17 17:17:18 +0800
Processing by EventsController#index as HTML
  [1m[36mEvent Load (0.2ms)[0m  [1mSELECT "events".* FROM "events" [0m
  Rendered events/index.html.erb within layouts/application (4.6ms)
Completed 200 OK in 11ms (Views: 10.1ms | ActiveRecord: 0.2ms)


Started GET "/assets/application.css?body=1" for 127.0.0.1 at 2013-03-17 17:17:18 +0800
Served asset /application.css - 304 Not Modified (0ms)


Started GET "/assets/events.css?body=1" for 127.0.0.1 at 2013-03-17 17:17:18 +0800
Served asset /events.css - 304 Not Modified (0ms)


Started GET "/assets/application.js?body=1" for 127.0.0.1 at 2013-03-17 17:17:18 +0800
Served asset /application.js - 304 Not Modified (0ms)


Started GET "/assets/events.js?body=1" for 127.0.0.1 at 2013-03-17 17:17:18 +0800
Served asset /events.js - 304 Not Modified (0ms)


Started GET "/assets/jquery.js?body=1" for 127.0.0.1 at 2013-03-17 17:17:18 +0800
Served asset /jquery.js - 304 Not Modified (0ms)


Started GET "/assets/jquery_ujs.js?body=1" for 127.0.0.1 at 2013-03-17 17:17:18 +0800
Served asset /jquery_ujs.js - 304 Not Modified (0ms)


Started GET "/" for 127.0.0.1 at 2013-03-17 17:22:21 +0800
Processing by EventsController#index as HTML
  [1m[35mEvent Load (0.2ms)[0m  SELECT "events".* FROM "events" 
  Rendered events/index.html.erb within layouts/application (50.9ms)
Completed 500 Internal Server Error in 54ms

ActionView::Template::Error (undefined method `yestday' for DateTime:Class):
    16: 
    17: <br/>
    18: 
    19: <%= DateTime.yestday %>
  app/views/events/index.html.erb:19:in `_app_views_events_index_html_erb__1775950120199761020_70153972830680'


  Rendered /Users/chentenmin/.rvm/gems/ruby-1.9.3-p327/gems/actionpack-3.2.12/lib/action_dispatch/middleware/templates/rescues/_trace.erb (2.2ms)
  Rendered /Users/chentenmin/.rvm/gems/ruby-1.9.3-p327/gems/actionpack-3.2.12/lib/action_dispatch/middleware/templates/rescues/_request_and_response.erb (1.4ms)
  Rendered /Users/chentenmin/.rvm/gems/ruby-1.9.3-p327/gems/actionpack-3.2.12/lib/action_dispatch/middleware/templates/rescues/template_error.erb within rescues/layout (13.6ms)


Started GET "/" for 127.0.0.1 at 2013-03-17 17:22:38 +0800
Processing by EventsController#index as HTML
  [1m[36mEvent Load (0.2ms)[0m  [1mSELECT "events".* FROM "events" [0m
  Rendered events/index.html.erb within layouts/application (5.6ms)
Completed 200 OK in 12ms (Views: 11.0ms | ActiveRecord: 0.2ms)


Started GET "/assets/application.css?body=1" for 127.0.0.1 at 2013-03-17 17:22:38 +0800
Served asset /application.css - 304 Not Modified (0ms)


Started GET "/assets/jquery_ujs.js?body=1" for 127.0.0.1 at 2013-03-17 17:22:38 +0800
Served asset /jquery_ujs.js - 304 Not Modified (0ms)


Started GET "/assets/jquery.js?body=1" for 127.0.0.1 at 2013-03-17 17:22:39 +0800
Served asset /jquery.js - 304 Not Modified (0ms)


Started GET "/assets/events.js?body=1" for 127.0.0.1 at 2013-03-17 17:22:39 +0800
Served asset /events.js - 304 Not Modified (0ms)


Started GET "/assets/events.css?body=1" for 127.0.0.1 at 2013-03-17 17:22:39 +0800
Served asset /events.css - 304 Not Modified (0ms)


Started GET "/assets/application.js?body=1" for 127.0.0.1 at 2013-03-17 17:22:39 +0800
Served asset /application.js - 304 Not Modified (0ms)


Started GET "/" for 127.0.0.1 at 2013-03-17 17:49:27 +0800
Processing by EventsController#index as HTML
  [1m[35mEvent Load (0.2ms)[0m  SELECT "events".* FROM "events" 
  Rendered events/index.html.erb within layouts/application (4.2ms)
Completed 200 OK in 11ms (Views: 9.3ms | ActiveRecord: 0.2ms)


Started GET "/assets/application.css?body=1" for 127.0.0.1 at 2013-03-17 17:49:27 +0800
Served asset /application.css - 304 Not Modified (0ms)


Started GET "/assets/events.css?body=1" for 127.0.0.1 at 2013-03-17 17:49:27 +0800
Served asset /events.css - 304 Not Modified (0ms)


Started GET "/assets/jquery.js?body=1" for 127.0.0.1 at 2013-03-17 17:49:27 +0800
Served asset /jquery.js - 304 Not Modified (0ms)


Started GET "/assets/application.js?body=1" for 127.0.0.1 at 2013-03-17 17:49:27 +0800
Served asset /application.js - 304 Not Modified (0ms)


Started GET "/assets/jquery_ujs.js?body=1" for 127.0.0.1 at 2013-03-17 17:49:27 +0800
Served asset /jquery_ujs.js - 304 Not Modified (0ms)


Started GET "/assets/events.js?body=1" for 127.0.0.1 at 2013-03-17 17:49:27 +0800
Served asset /events.js - 304 Not Modified (0ms)


Started GET "/" for 127.0.0.1 at 2013-03-17 17:50:08 +0800
Processing by EventsController#index as HTML
  [1m[36mEvent Load (0.2ms)[0m  [1mSELECT "events".* FROM "events" [0m
  Rendered events/index.html.erb within layouts/application (4.6ms)
Completed 200 OK in 11ms (Views: 9.7ms | ActiveRecord: 0.2ms)


Started GET "/assets/events.css?body=1" for 127.0.0.1 at 2013-03-17 17:50:09 +0800
Served asset /events.css - 304 Not Modified (0ms)


Started GET "/assets/application.css?body=1" for 127.0.0.1 at 2013-03-17 17:50:09 +0800
Served asset /application.css - 304 Not Modified (0ms)


Started GET "/assets/events.js?body=1" for 127.0.0.1 at 2013-03-17 17:50:09 +0800
Served asset /events.js - 304 Not Modified (0ms)


Started GET "/assets/jquery_ujs.js?body=1" for 127.0.0.1 at 2013-03-17 17:50:09 +0800
Served asset /jquery_ujs.js - 304 Not Modified (0ms)


Started GET "/assets/jquery.js?body=1" for 127.0.0.1 at 2013-03-17 17:50:09 +0800
Served asset /jquery.js - 304 Not Modified (0ms)


Started GET "/assets/application.js?body=1" for 127.0.0.1 at 2013-03-17 17:50:09 +0800
Served asset /application.js - 304 Not Modified (0ms)


Started GET "/" for 127.0.0.1 at 2013-03-17 17:50:33 +0800
Processing by EventsController#index as HTML
  [1m[35mEvent Load (0.2ms)[0m  SELECT "events".* FROM "events" 
  Rendered events/index.html.erb within layouts/application (4.6ms)
Completed 200 OK in 11ms (Views: 9.7ms | ActiveRecord: 0.2ms)


Started GET "/assets/application.css?body=1" for 127.0.0.1 at 2013-03-17 17:50:33 +0800
Served asset /application.css - 304 Not Modified (0ms)


Started GET "/assets/jquery.js?body=1" for 127.0.0.1 at 2013-03-17 17:50:33 +0800
Served asset /jquery.js - 304 Not Modified (0ms)


Started GET "/assets/events.css?body=1" for 127.0.0.1 at 2013-03-17 17:50:33 +0800
Served asset /events.css - 304 Not Modified (0ms)


Started GET "/assets/jquery_ujs.js?body=1" for 127.0.0.1 at 2013-03-17 17:50:33 +0800
Served asset /jquery_ujs.js - 304 Not Modified (0ms)


Started GET "/assets/events.js?body=1" for 127.0.0.1 at 2013-03-17 17:50:33 +0800
Served asset /events.js - 304 Not Modified (0ms)


Started GET "/assets/application.js?body=1" for 127.0.0.1 at 2013-03-17 17:50:33 +0800
Served asset /application.js - 304 Not Modified (0ms)


Started GET "/" for 127.0.0.1 at 2013-03-17 17:52:19 +0800
Processing by EventsController#index as HTML
  [1m[36mEvent Load (0.2ms)[0m  [1mSELECT "events".* FROM "events" [0m
  Rendered events/index.html.erb within layouts/application (5.3ms)
Completed 200 OK in 12ms (Views: 11.0ms | ActiveRecord: 0.2ms)


Started GET "/assets/application.css?body=1" for 127.0.0.1 at 2013-03-17 17:52:19 +0800
Served asset /application.css - 304 Not Modified (0ms)


Started GET "/assets/events.css?body=1" for 127.0.0.1 at 2013-03-17 17:52:19 +0800
Served asset /events.css - 304 Not Modified (0ms)


Started GET "/assets/jquery_ujs.js?body=1" for 127.0.0.1 at 2013-03-17 17:52:19 +0800
Served asset /jquery_ujs.js - 304 Not Modified (0ms)


Started GET "/assets/events.js?body=1" for 127.0.0.1 at 2013-03-17 17:52:19 +0800
Served asset /events.js - 304 Not Modified (0ms)


Started GET "/assets/application.js?body=1" for 127.0.0.1 at 2013-03-17 17:52:19 +0800
Served asset /application.js - 304 Not Modified (0ms)


Started GET "/assets/jquery.js?body=1" for 127.0.0.1 at 2013-03-17 17:52:19 +0800
Served asset /jquery.js - 304 Not Modified (0ms)


Started GET "/" for 127.0.0.1 at 2013-03-17 17:52:25 +0800
Processing by EventsController#index as HTML
  [1m[35mEvent Load (0.2ms)[0m  SELECT "events".* FROM "events" 
  Rendered events/index.html.erb within layouts/application (3.9ms)
Completed 200 OK in 11ms (Views: 9.4ms | ActiveRecord: 0.2ms)


Started GET "/assets/application.css?body=1" for 127.0.0.1 at 2013-03-17 17:52:25 +0800
Served asset /application.css - 304 Not Modified (0ms)


Started GET "/assets/jquery.js?body=1" for 127.0.0.1 at 2013-03-17 17:52:25 +0800
Served asset /jquery.js - 304 Not Modified (0ms)


Started GET "/assets/application.js?body=1" for 127.0.0.1 at 2013-03-17 17:52:25 +0800
Served asset /application.js - 304 Not Modified (0ms)


Started GET "/assets/jquery_ujs.js?body=1" for 127.0.0.1 at 2013-03-17 17:52:25 +0800
Served asset /jquery_ujs.js - 304 Not Modified (0ms)


Started GET "/assets/events.js?body=1" for 127.0.0.1 at 2013-03-17 17:52:25 +0800
Served asset /events.js - 304 Not Modified (0ms)


Started GET "/assets/events.css?body=1" for 127.0.0.1 at 2013-03-17 17:52:25 +0800
Served asset /events.css - 304 Not Modified (0ms)


Started GET "/" for 127.0.0.1 at 2013-03-17 17:52:25 +0800
Processing by EventsController#index as HTML
  [1m[36mEvent Load (0.2ms)[0m  [1mSELECT "events".* FROM "events" [0m
  Rendered events/index.html.erb within layouts/application (4.4ms)
Completed 200 OK in 11ms (Views: 9.9ms | ActiveRecord: 0.2ms)


Started GET "/assets/application.css?body=1" for 127.0.0.1 at 2013-03-17 17:52:25 +0800
Served asset /application.css - 304 Not Modified (0ms)


Started GET "/assets/jquery.js?body=1" for 127.0.0.1 at 2013-03-17 17:52:25 +0800
Served asset /jquery.js - 304 Not Modified (0ms)


Started GET "/assets/application.js?body=1" for 127.0.0.1 at 2013-03-17 17:52:25 +0800
Served asset /application.js - 304 Not Modified (0ms)


Started GET "/assets/events.css?body=1" for 127.0.0.1 at 2013-03-17 17:52:25 +0800
Served asset /events.css - 304 Not Modified (0ms)


Started GET "/assets/jquery_ujs.js?body=1" for 127.0.0.1 at 2013-03-17 17:52:25 +0800
Served asset /jquery_ujs.js - 304 Not Modified (0ms)


Started GET "/assets/events.js?body=1" for 127.0.0.1 at 2013-03-17 17:52:25 +0800
Served asset /events.js - 304 Not Modified (0ms)


Started GET "/" for 127.0.0.1 at 2013-03-17 17:52:27 +0800
Processing by EventsController#index as HTML
  [1m[35mEvent Load (0.2ms)[0m  SELECT "events".* FROM "events" 
  Rendered events/index.html.erb within layouts/application (4.0ms)
Completed 200 OK in 11ms (Views: 9.3ms | ActiveRecord: 0.2ms)


Started GET "/assets/application.css?body=1" for 127.0.0.1 at 2013-03-17 17:52:27 +0800
Served asset /application.css - 304 Not Modified (0ms)


Started GET "/assets/application.js?body=1" for 127.0.0.1 at 2013-03-17 17:52:27 +0800
Served asset /application.js - 304 Not Modified (0ms)


Started GET "/assets/events.js?body=1" for 127.0.0.1 at 2013-03-17 17:52:27 +0800
Served asset /events.js - 304 Not Modified (0ms)


Started GET "/assets/jquery.js?body=1" for 127.0.0.1 at 2013-03-17 17:52:27 +0800
Served asset /jquery.js - 304 Not Modified (0ms)


Started GET "/assets/jquery_ujs.js?body=1" for 127.0.0.1 at 2013-03-17 17:52:27 +0800
Served asset /jquery_ujs.js - 304 Not Modified (0ms)


Started GET "/assets/events.css?body=1" for 127.0.0.1 at 2013-03-17 17:52:27 +0800
Served asset /events.css - 304 Not Modified (0ms)


Started GET "/" for 127.0.0.1 at 2013-03-17 17:52:28 +0800
Processing by EventsController#index as HTML
  [1m[36mEvent Load (0.2ms)[0m  [1mSELECT "events".* FROM "events" [0m
  Rendered events/index.html.erb within layouts/application (5.6ms)
Completed 200 OK in 13ms (Views: 11.4ms | ActiveRecord: 0.2ms)


Started GET "/assets/application.css?body=1" for 127.0.0.1 at 2013-03-17 17:52:28 +0800
Served asset /application.css - 304 Not Modified (0ms)


Started GET "/assets/events.js?body=1" for 127.0.0.1 at 2013-03-17 17:52:28 +0800
Served asset /events.js - 304 Not Modified (0ms)


Started GET "/assets/jquery_ujs.js?body=1" for 127.0.0.1 at 2013-03-17 17:52:28 +0800
Served asset /jquery_ujs.js - 304 Not Modified (0ms)


Started GET "/assets/jquery.js?body=1" for 127.0.0.1 at 2013-03-17 17:52:28 +0800
Served asset /jquery.js - 304 Not Modified (0ms)


Started GET "/assets/events.css?body=1" for 127.0.0.1 at 2013-03-17 17:52:28 +0800
Served asset /events.css - 304 Not Modified (0ms)


Started GET "/assets/application.js?body=1" for 127.0.0.1 at 2013-03-17 17:52:28 +0800
Served asset /application.js - 304 Not Modified (0ms)


Started GET "/" for 127.0.0.1 at 2013-03-17 17:52:29 +0800
Processing by EventsController#index as HTML
  [1m[35mEvent Load (0.2ms)[0m  SELECT "events".* FROM "events" 
  Rendered events/index.html.erb within layouts/application (4.0ms)
Completed 200 OK in 11ms (Views: 9.5ms | ActiveRecord: 0.2ms)


Started GET "/assets/events.css?body=1" for 127.0.0.1 at 2013-03-17 17:52:29 +0800
Served asset /events.css - 304 Not Modified (0ms)


Started GET "/assets/jquery_ujs.js?body=1" for 127.0.0.1 at 2013-03-17 17:52:29 +0800
Served asset /jquery_ujs.js - 304 Not Modified (0ms)


Started GET "/assets/application.css?body=1" for 127.0.0.1 at 2013-03-17 17:52:29 +0800
Served asset /application.css - 304 Not Modified (0ms)


Started GET "/assets/events.js?body=1" for 127.0.0.1 at 2013-03-17 17:52:29 +0800
Served asset /events.js - 304 Not Modified (0ms)


Started GET "/assets/jquery.js?body=1" for 127.0.0.1 at 2013-03-17 17:52:29 +0800
Served asset /jquery.js - 304 Not Modified (0ms)


Started GET "/assets/application.js?body=1" for 127.0.0.1 at 2013-03-17 17:52:29 +0800
Served asset /application.js - 304 Not Modified (0ms)


Started GET "/" for 127.0.0.1 at 2013-03-17 17:52:52 +0800
Processing by EventsController#index as HTML
  [1m[36mEvent Load (0.2ms)[0m  [1mSELECT "events".* FROM "events" [0m
  Rendered events/index.html.erb within layouts/application (5.7ms)
Completed 500 Internal Server Error in 9ms

ActionView::Template::Error (undefined method `hours_since_midnight' for Sun, 17 Mar 2013 09:52:52 +0000:DateTime):
    24: 
    25: <br/>
    26: 
    27: <%= x.hours_since_midnight %>
  app/views/events/index.html.erb:27:in `_app_views_events_index_html_erb__1775950120199761020_70153987968640'


  Rendered /Users/chentenmin/.rvm/gems/ruby-1.9.3-p327/gems/actionpack-3.2.12/lib/action_dispatch/middleware/templates/rescues/_trace.erb (1.8ms)
  Rendered /Users/chentenmin/.rvm/gems/ruby-1.9.3-p327/gems/actionpack-3.2.12/lib/action_dispatch/middleware/templates/rescues/_request_and_response.erb (1.2ms)
  Rendered /Users/chentenmin/.rvm/gems/ruby-1.9.3-p327/gems/actionpack-3.2.12/lib/action_dispatch/middleware/templates/rescues/template_error.erb within rescues/layout (10.6ms)


Started GET "/" for 127.0.0.1 at 2013-03-17 17:53:05 +0800
Processing by EventsController#index as HTML
  [1m[35mEvent Load (0.2ms)[0m  SELECT "events".* FROM "events" 
  Rendered events/index.html.erb within layouts/application (5.4ms)
Completed 500 Internal Server Error in 8ms

ActionView::Template::Error (undefined method `minutes_since_midnight' for Sun, 17 Mar 2013 09:53:05 +0000:DateTime):
    24: 
    25: <br/>
    26: 
    27: <%= x.minutes_since_midnight %>
  app/views/events/index.html.erb:27:in `_app_views_events_index_html_erb__1775950120199761020_70153990405460'


  Rendered /Users/chentenmin/.rvm/gems/ruby-1.9.3-p327/gems/actionpack-3.2.12/lib/action_dispatch/middleware/templates/rescues/_trace.erb (1.7ms)
  Rendered /Users/chentenmin/.rvm/gems/ruby-1.9.3-p327/gems/actionpack-3.2.12/lib/action_dispatch/middleware/templates/rescues/_request_and_response.erb (1.2ms)
  Rendered /Users/chentenmin/.rvm/gems/ruby-1.9.3-p327/gems/actionpack-3.2.12/lib/action_dispatch/middleware/templates/rescues/template_error.erb within rescues/layout (10.4ms)


Started GET "/" for 127.0.0.1 at 2013-03-17 17:53:22 +0800
Processing by EventsController#index as HTML
  [1m[36mEvent Load (0.2ms)[0m  [1mSELECT "events".* FROM "events" [0m
  Rendered events/index.html.erb within layouts/application (4.5ms)
Completed 200 OK in 11ms (Views: 10.0ms | ActiveRecord: 0.2ms)


Started GET "/assets/application.css?body=1" for 127.0.0.1 at 2013-03-17 17:53:22 +0800
Served asset /application.css - 304 Not Modified (0ms)


Started GET "/assets/events.js?body=1" for 127.0.0.1 at 2013-03-17 17:53:22 +0800
Served asset /events.js - 304 Not Modified (0ms)


Started GET "/assets/jquery_ujs.js?body=1" for 127.0.0.1 at 2013-03-17 17:53:22 +0800
Served asset /jquery_ujs.js - 304 Not Modified (0ms)


Started GET "/assets/events.css?body=1" for 127.0.0.1 at 2013-03-17 17:53:22 +0800
Served asset /events.css - 304 Not Modified (0ms)


Started GET "/assets/jquery.js?body=1" for 127.0.0.1 at 2013-03-17 17:53:22 +0800
Served asset /jquery.js - 304 Not Modified (0ms)


Started GET "/assets/application.js?body=1" for 127.0.0.1 at 2013-03-17 17:53:22 +0800
Served asset /application.js - 304 Not Modified (0ms)


Started GET "/" for 127.0.0.1 at 2013-03-17 19:28:47 +0800
Processing by EventsController#index as HTML
  [1m[35mEvent Load (0.2ms)[0m  SELECT "events".* FROM "events" 
  Rendered events/index.html.erb within layouts/application (3.6ms)
Completed 200 OK in 10ms (Views: 8.6ms | ActiveRecord: 0.2ms)


Started GET "/assets/jquery_ujs.js?body=1" for 127.0.0.1 at 2013-03-17 19:28:47 +0800
Served asset /jquery_ujs.js - 304 Not Modified (0ms)


Started GET "/assets/events.css?body=1" for 127.0.0.1 at 2013-03-17 19:28:47 +0800
Served asset /events.css - 304 Not Modified (0ms)


Started GET "/assets/jquery.js?body=1" for 127.0.0.1 at 2013-03-17 19:28:47 +0800
Served asset /jquery.js - 304 Not Modified (0ms)


Started GET "/assets/events.js?body=1" for 127.0.0.1 at 2013-03-17 19:28:47 +0800
Served asset /events.js - 304 Not Modified (0ms)


Started GET "/assets/application.css?body=1" for 127.0.0.1 at 2013-03-17 19:28:47 +0800
Served asset /application.css - 304 Not Modified (0ms)


Started GET "/assets/application.js?body=1" for 127.0.0.1 at 2013-03-17 19:28:47 +0800
Served asset /application.js - 304 Not Modified (0ms)


Started GET "/events" for 127.0.0.1 at 2013-03-18 21:14:23 +0800
Connecting to database specified by database.yml
Processing by EventsController#index as HTML
  [1m[36mEvent Load (9.6ms)[0m  [1mSELECT "events".* FROM "events" [0m
  Rendered events/index.html.erb within layouts/application (34.9ms)
Completed 200 OK in 190ms (Views: 142.9ms | ActiveRecord: 11.6ms)


Started GET "/assets/application.css?body=1" for 127.0.0.1 at 2013-03-18 21:14:24 +0800
Served asset /application.css - 304 Not Modified (5ms)


Started GET "/assets/jquery.js?body=1" for 127.0.0.1 at 2013-03-18 21:14:24 +0800
Served asset /jquery.js - 304 Not Modified (13ms)


Started GET "/assets/events.js?body=1" for 127.0.0.1 at 2013-03-18 21:14:24 +0800
Served asset /events.js - 304 Not Modified (2ms)


Started GET "/assets/events.css?body=1" for 127.0.0.1 at 2013-03-18 21:14:24 +0800
Served asset /events.css - 304 Not Modified (2ms)


Started GET "/assets/application.js?body=1" for 127.0.0.1 at 2013-03-18 21:14:24 +0800
Served asset /application.js - 304 Not Modified (9ms)


Started GET "/assets/jquery_ujs.js?body=1" for 127.0.0.1 at 2013-03-18 21:14:24 +0800
Served asset /jquery_ujs.js - 304 Not Modified (2ms)


Started GET "/events" for 127.0.0.1 at 2013-03-18 21:14:56 +0800
Processing by EventsController#index as HTML
  [1m[35mEvent Load (0.3ms)[0m  SELECT "events".* FROM "events" 
  Rendered events/index.html.erb within layouts/application (3.8ms)
Completed 200 OK in 12ms (Views: 10.4ms | ActiveRecord: 0.3ms)


Started GET "/assets/events.css?body=1" for 127.0.0.1 at 2013-03-18 21:14:56 +0800
Served asset /events.css - 304 Not Modified (0ms)


Started GET "/assets/jquery.js?body=1" for 127.0.0.1 at 2013-03-18 21:14:56 +0800
Served asset /jquery.js - 304 Not Modified (0ms)


Started GET "/assets/jquery_ujs.js?body=1" for 127.0.0.1 at 2013-03-18 21:14:56 +0800
Served asset /jquery_ujs.js - 304 Not Modified (0ms)


Started GET "/assets/application.js?body=1" for 127.0.0.1 at 2013-03-18 21:14:56 +0800
Served asset /application.js - 304 Not Modified (0ms)


Started GET "/assets/events.js?body=1" for 127.0.0.1 at 2013-03-18 21:14:56 +0800
Served asset /events.js - 304 Not Modified (0ms)


Started GET "/assets/application.css?body=1" for 127.0.0.1 at 2013-03-18 21:14:56 +0800
Served asset /application.css - 304 Not Modified (0ms)


Started GET "/events" for 127.0.0.1 at 2013-03-18 21:19:53 +0800
Connecting to database specified by database.yml
Processing by EventsController#index as HTML
  [1m[36mEvent Load (0.1ms)[0m  [1mSELECT "events".* FROM "events" [0m
  Rendered events/index.html.erb within layouts/application (28.3ms)
Completed 200 OK in 114ms (Views: 77.9ms | ActiveRecord: 2.6ms)


Started GET "/events" for 127.0.0.1 at 2013-03-18 21:19:53 +0800
Processing by EventsController#index as HTML
  [1m[35mEvent Load (0.2ms)[0m  SELECT "events".* FROM "events" 
  Rendered events/index.html.erb within layouts/application (3.5ms)
Completed 200 OK in 10ms (Views: 8.5ms | ActiveRecord: 0.2ms)


Started GET "/assets/application.css?body=1" for 127.0.0.1 at 2013-03-18 21:19:54 +0800
Served asset /application.css - 304 Not Modified (6ms)


Started GET "/assets/events.css?body=1" for 127.0.0.1 at 2013-03-18 21:19:54 +0800
Served asset /events.css - 304 Not Modified (1ms)


Started GET "/assets/jquery.js?body=1" for 127.0.0.1 at 2013-03-18 21:19:54 +0800
Served asset /jquery.js - 304 Not Modified (3ms)


Started GET "/assets/jquery_ujs.js?body=1" for 127.0.0.1 at 2013-03-18 21:19:54 +0800
Served asset /jquery_ujs.js - 304 Not Modified (3ms)


Started GET "/assets/events.js?body=1" for 127.0.0.1 at 2013-03-18 21:19:54 +0800
Served asset /events.js - 304 Not Modified (2ms)


Started GET "/assets/application.js?body=1" for 127.0.0.1 at 2013-03-18 21:19:54 +0800
Served asset /application.js - 304 Not Modified (8ms)


Started GET "/events" for 127.0.0.1 at 2013-03-18 21:19:54 +0800
Processing by EventsController#index as HTML
  [1m[36mEvent Load (0.1ms)[0m  [1mSELECT "events".* FROM "events" [0m
  Rendered events/index.html.erb within layouts/application (3.8ms)
Completed 200 OK in 12ms (Views: 10.7ms | ActiveRecord: 0.1ms)


Started GET "/assets/application.css?body=1" for 127.0.0.1 at 2013-03-18 21:19:54 +0800
Served asset /application.css - 304 Not Modified (0ms)


Started GET "/assets/jquery_ujs.js?body=1" for 127.0.0.1 at 2013-03-18 21:19:54 +0800
Served asset /jquery_ujs.js - 304 Not Modified (0ms)


Started GET "/assets/events.js?body=1" for 127.0.0.1 at 2013-03-18 21:19:54 +0800
Served asset /events.js - 304 Not Modified (0ms)


Started GET "/assets/events.css?body=1" for 127.0.0.1 at 2013-03-18 21:19:54 +0800
Served asset /events.css - 304 Not Modified (0ms)


Started GET "/assets/jquery.js?body=1" for 127.0.0.1 at 2013-03-18 21:19:54 +0800
Served asset /jquery.js - 304 Not Modified (0ms)


Started GET "/assets/application.js?body=1" for 127.0.0.1 at 2013-03-18 21:19:54 +0800
Served asset /application.js - 304 Not Modified (0ms)


Started GET "/events" for 127.0.0.1 at 2013-03-18 21:19:55 +0800
Processing by EventsController#index as HTML
  [1m[35mEvent Load (0.2ms)[0m  SELECT "events".* FROM "events" 
  Rendered events/index.html.erb within layouts/application (4.2ms)
Completed 200 OK in 11ms (Views: 9.5ms | ActiveRecord: 0.2ms)


Started GET "/assets/application.css?body=1" for 127.0.0.1 at 2013-03-18 21:19:55 +0800
Served asset /application.css - 304 Not Modified (0ms)


Started GET "/assets/events.css?body=1" for 127.0.0.1 at 2013-03-18 21:19:55 +0800
Served asset /events.css - 304 Not Modified (0ms)


Started GET "/assets/jquery_ujs.js?body=1" for 127.0.0.1 at 2013-03-18 21:19:55 +0800
Served asset /jquery_ujs.js - 304 Not Modified (0ms)


Started GET "/assets/jquery.js?body=1" for 127.0.0.1 at 2013-03-18 21:19:55 +0800
Served asset /jquery.js - 304 Not Modified (0ms)


Started GET "/assets/application.js?body=1" for 127.0.0.1 at 2013-03-18 21:19:55 +0800
Served asset /application.js - 304 Not Modified (0ms)


Started GET "/assets/events.js?body=1" for 127.0.0.1 at 2013-03-18 21:19:55 +0800
Served asset /events.js - 304 Not Modified (0ms)


Started GET "/events" for 127.0.0.1 at 2013-03-18 21:19:56 +0800
Processing by EventsController#index as HTML
  [1m[36mEvent Load (0.2ms)[0m  [1mSELECT "events".* FROM "events" [0m
  Rendered events/index.html.erb within layouts/application (3.6ms)
Completed 200 OK in 10ms (Views: 9.1ms | ActiveRecord: 0.2ms)


Started GET "/assets/jquery.js?body=1" for 127.0.0.1 at 2013-03-18 21:19:56 +0800
Served asset /jquery.js - 304 Not Modified (0ms)


Started GET "/assets/jquery_ujs.js?body=1" for 127.0.0.1 at 2013-03-18 21:19:56 +0800
Served asset /jquery_ujs.js - 304 Not Modified (0ms)


Started GET "/assets/application.css?body=1" for 127.0.0.1 at 2013-03-18 21:19:56 +0800
Served asset /application.css - 304 Not Modified (0ms)


Started GET "/assets/events.js?body=1" for 127.0.0.1 at 2013-03-18 21:19:56 +0800
Served asset /events.js - 304 Not Modified (0ms)


Started GET "/assets/events.css?body=1" for 127.0.0.1 at 2013-03-18 21:19:56 +0800
Served asset /events.css - 304 Not Modified (0ms)


Started GET "/assets/application.js?body=1" for 127.0.0.1 at 2013-03-18 21:19:56 +0800
Served asset /application.js - 304 Not Modified (0ms)


Started GET "/events" for 127.0.0.1 at 2013-03-18 21:19:56 +0800
Processing by EventsController#index as HTML
  [1m[35mEvent Load (0.3ms)[0m  SELECT "events".* FROM "events" 
  Rendered events/index.html.erb within layouts/application (3.9ms)
Completed 200 OK in 11ms (Views: 9.2ms | ActiveRecord: 0.3ms)


Started GET "/assets/events.css?body=1" for 127.0.0.1 at 2013-03-18 21:19:56 +0800
Served asset /events.css - 304 Not Modified (0ms)


Started GET "/assets/jquery.js?body=1" for 127.0.0.1 at 2013-03-18 21:19:56 +0800
Served asset /jquery.js - 304 Not Modified (0ms)


Started GET "/assets/application.css?body=1" for 127.0.0.1 at 2013-03-18 21:19:56 +0800
Served asset /application.css - 304 Not Modified (0ms)


Started GET "/assets/jquery_ujs.js?body=1" for 127.0.0.1 at 2013-03-18 21:19:56 +0800
Served asset /jquery_ujs.js - 304 Not Modified (0ms)


Started GET "/assets/events.js?body=1" for 127.0.0.1 at 2013-03-18 21:19:56 +0800
Served asset /events.js - 304 Not Modified (0ms)


Started GET "/assets/application.js?body=1" for 127.0.0.1 at 2013-03-18 21:19:56 +0800
Served asset /application.js - 304 Not Modified (0ms)


Started GET "/events/new" for 127.0.0.1 at 2013-03-18 21:19:57 +0800
Processing by EventsController#new as HTML
  Rendered events/_form.html.erb (1.7ms)
  Rendered events/new.html.erb within layouts/application (83.2ms)
Completed 200 OK in 90ms (Views: 89.3ms | ActiveRecord: 0.0ms)


Started GET "/assets/application.css?body=1" for 127.0.0.1 at 2013-03-18 21:19:58 +0800
Served asset /application.css - 304 Not Modified (0ms)


Started GET "/assets/events.css?body=1" for 127.0.0.1 at 2013-03-18 21:19:58 +0800
Served asset /events.css - 304 Not Modified (0ms)


Started GET "/assets/events.js?body=1" for 127.0.0.1 at 2013-03-18 21:19:58 +0800
Served asset /events.js - 304 Not Modified (0ms)


Started GET "/assets/jquery_ujs.js?body=1" for 127.0.0.1 at 2013-03-18 21:19:58 +0800
Served asset /jquery_ujs.js - 304 Not Modified (0ms)


Started GET "/assets/jquery.js?body=1" for 127.0.0.1 at 2013-03-18 21:19:58 +0800
Served asset /jquery.js - 304 Not Modified (0ms)


Started GET "/assets/application.js?body=1" for 127.0.0.1 at 2013-03-18 21:19:58 +0800
Served asset /application.js - 304 Not Modified (0ms)


Started GET "/events" for 127.0.0.1 at 2013-03-18 21:26:15 +0800
Connecting to database specified by database.yml
Processing by EventsController#index as HTML
  [1m[36mEvent Load (0.1ms)[0m  [1mSELECT "events".* FROM "events" [0m
  Rendered events/index.html.erb within layouts/application (7.6ms)
Completed 200 OK in 95ms (Views: 58.7ms | ActiveRecord: 2.4ms)


Started GET "/assets/application.css?body=1" for 127.0.0.1 at 2013-03-18 21:26:15 +0800
Served asset /application.css - 304 Not Modified (5ms)


Started GET "/assets/jquery.js?body=1" for 127.0.0.1 at 2013-03-18 21:26:15 +0800
Served asset /jquery.js - 304 Not Modified (3ms)


Started GET "/assets/application.js?body=1" for 127.0.0.1 at 2013-03-18 21:26:15 +0800
Served asset /application.js - 304 Not Modified (5ms)


Started GET "/assets/events.js?body=1" for 127.0.0.1 at 2013-03-18 21:26:15 +0800
Served asset /events.js - 304 Not Modified (2ms)


Started GET "/assets/jquery_ujs.js?body=1" for 127.0.0.1 at 2013-03-18 21:26:15 +0800
Served asset /jquery_ujs.js - 304 Not Modified (2ms)


Started GET "/assets/events.css?body=1" for 127.0.0.1 at 2013-03-18 21:26:15 +0800
Served asset /events.css - 304 Not Modified (2ms)


Started GET "/events" for 127.0.0.1 at 2013-03-18 21:26:16 +0800
Processing by EventsController#index as HTML
  [1m[35mEvent Load (0.2ms)[0m  SELECT "events".* FROM "events" 
  Rendered events/index.html.erb within layouts/application (5.1ms)
Completed 200 OK in 13ms (Views: 12.3ms | ActiveRecord: 0.2ms)


Started GET "/assets/application.css?body=1" for 127.0.0.1 at 2013-03-18 21:26:16 +0800
Served asset /application.css - 304 Not Modified (3ms)


Started GET "/assets/events.css?body=1" for 127.0.0.1 at 2013-03-18 21:26:16 +0800
Served asset /events.css - 304 Not Modified (0ms)


Started GET "/assets/jquery.js?body=1" for 127.0.0.1 at 2013-03-18 21:26:16 +0800
Served asset /jquery.js - 304 Not Modified (0ms)


Started GET "/assets/jquery_ujs.js?body=1" for 127.0.0.1 at 2013-03-18 21:26:16 +0800
Served asset /jquery_ujs.js - 304 Not Modified (0ms)


Started GET "/assets/application.js?body=1" for 127.0.0.1 at 2013-03-18 21:26:16 +0800
Served asset /application.js - 304 Not Modified (0ms)


Started GET "/assets/events.js?body=1" for 127.0.0.1 at 2013-03-18 21:26:16 +0800
Served asset /events.js - 304 Not Modified (0ms)


Started GET "/" for 127.0.0.1 at 2013-03-24 15:45:35 +0800
Connecting to database specified by database.yml
Processing by EventsController#index as HTML
  [1m[36mEvent Load (10.5ms)[0m  [1mSELECT "events".* FROM "events" [0m
  Rendered events/index.html.erb within layouts/application (41.3ms)
Completed 200 OK in 232ms (Views: 148.1ms | ActiveRecord: 35.0ms)


Started GET "/assets/application.js?body=1" for 127.0.0.1 at 2013-03-24 15:45:35 +0800
Served asset /application.js - 200 OK (19ms)


Started GET "/assets/events.js?body=1" for 127.0.0.1 at 2013-03-24 15:45:35 +0800
Served asset /events.js - 304 Not Modified (2ms)


Started GET "/assets/jquery.js?body=1" for 127.0.0.1 at 2013-03-24 15:45:35 +0800
Served asset /jquery.js - 304 Not Modified (28ms)


Started GET "/assets/events.css?body=1" for 127.0.0.1 at 2013-03-24 15:45:35 +0800
Served asset /events.css - 304 Not Modified (3ms)


Started GET "/assets/jquery_ujs.js?body=1" for 127.0.0.1 at 2013-03-24 15:45:35 +0800
Served asset /jquery_ujs.js - 304 Not Modified (3ms)


Started GET "/assets/application.css?body=1" for 127.0.0.1 at 2013-03-24 15:45:35 +0800
Served asset /application.css - 200 OK (4ms)


Started GET "/" for 127.0.0.1 at 2013-03-24 15:46:11 +0800
Processing by EventsController#index as HTML
  [1m[35mEvent Load (0.2ms)[0m  SELECT "events".* FROM "events" 
  Rendered events/index.html.erb within layouts/application (3.8ms)
Completed 200 OK in 11ms (Views: 10.0ms | ActiveRecord: 0.2ms)


Started GET "/assets/events.css?body=1" for 127.0.0.1 at 2013-03-24 15:46:11 +0800
Served asset /events.css - 304 Not Modified (0ms)


Started GET "/assets/jquery.js?body=1" for 127.0.0.1 at 2013-03-24 15:46:11 +0800
Served asset /jquery.js - 304 Not Modified (0ms)


Started GET "/assets/jquery_ujs.js?body=1" for 127.0.0.1 at 2013-03-24 15:46:11 +0800
Served asset /jquery_ujs.js - 304 Not Modified (0ms)


Started GET "/assets/events.js?body=1" for 127.0.0.1 at 2013-03-24 15:46:11 +0800
Served asset /events.js - 304 Not Modified (0ms)


Started GET "/" for 127.0.0.1 at 2013-03-24 15:46:13 +0800
Processing by EventsController#index as HTML
  [1m[36mEvent Load (0.2ms)[0m  [1mSELECT "events".* FROM "events" [0m
  Rendered events/index.html.erb within layouts/application (3.5ms)
Completed 200 OK in 11ms (Views: 9.6ms | ActiveRecord: 0.2ms)


Started GET "/assets/events.css?body=1" for 127.0.0.1 at 2013-03-24 15:46:13 +0800
Served asset /events.css - 304 Not Modified (7ms)


Started GET "/assets/events.js?body=1" for 127.0.0.1 at 2013-03-24 15:46:13 +0800
Served asset /events.js - 304 Not Modified (0ms)


Started GET "/assets/jquery_ujs.js?body=1" for 127.0.0.1 at 2013-03-24 15:46:13 +0800
Served asset /jquery_ujs.js - 304 Not Modified (0ms)


Started GET "/assets/jquery.js?body=1" for 127.0.0.1 at 2013-03-24 15:46:13 +0800
Served asset /jquery.js - 304 Not Modified (0ms)


Started GET "/events/new" for 127.0.0.1 at 2013-03-24 15:46:15 +0800
Processing by EventsController#new as HTML
  Rendered events/_form.html.erb (1.5ms)
  Rendered events/new.html.erb within layouts/application (19.8ms)
Completed 200 OK in 35ms (Views: 34.1ms | ActiveRecord: 0.0ms)


Started GET "/assets/events.css?body=1" for 127.0.0.1 at 2013-03-24 15:46:15 +0800
Served asset /events.css - 304 Not Modified (0ms)


Started GET "/assets/jquery_ujs.js?body=1" for 127.0.0.1 at 2013-03-24 15:46:15 +0800
Served asset /jquery_ujs.js - 304 Not Modified (0ms)


Started GET "/assets/jquery.js?body=1" for 127.0.0.1 at 2013-03-24 15:46:15 +0800
Served asset /jquery.js - 304 Not Modified (0ms)


Started GET "/assets/events.js?body=1" for 127.0.0.1 at 2013-03-24 15:46:15 +0800
Served asset /events.js - 304 Not Modified (0ms)


Started POST "/events" for 127.0.0.1 at 2013-03-24 15:46:22 +0800
Processing by EventsController#create as HTML
  Parameters: {"utf8"=>"✓", "authenticity_token"=>"lhS6ftSgxY9lLMdTzvS53yfLMRanx7BiM0lj43CgGbg=", "event"=>{"name"=>"why", "description"=>"what"}, "commit"=>"Create"}
  [1m[35m (0.1ms)[0m  begin transaction
  [1m[36mSQL (24.8ms)[0m  [1mINSERT INTO "events" ("capacity", "created_at", "description", "is_public", "name", "updated_at") VALUES (?, ?, ?, ?, ?, ?)[0m  [["capacity", nil], ["created_at", Sun, 24 Mar 2013 07:46:22 UTC +00:00], ["description", "what"], ["is_public", nil], ["name", "why"], ["updated_at", Sun, 24 Mar 2013 07:46:22 UTC +00:00]]
  [1m[35m (3.3ms)[0m  commit transaction
Redirected to http://localhost:3000/events
Completed 302 Found in 33ms (ActiveRecord: 28.2ms)


Started GET "/events" for 127.0.0.1 at 2013-03-24 15:46:22 +0800
Processing by EventsController#index as HTML
  [1m[36mEvent Load (0.2ms)[0m  [1mSELECT "events".* FROM "events" [0m
  Rendered events/index.html.erb within layouts/application (4.5ms)
Completed 200 OK in 12ms (Views: 10.3ms | ActiveRecord: 0.2ms)


Started GET "/assets/events.css?body=1" for 127.0.0.1 at 2013-03-24 15:46:22 +0800
Served asset /events.css - 304 Not Modified (0ms)


Started GET "/assets/events.js?body=1" for 127.0.0.1 at 2013-03-24 15:46:22 +0800
Served asset /events.js - 304 Not Modified (3ms)


Started GET "/assets/jquery_ujs.js?body=1" for 127.0.0.1 at 2013-03-24 15:46:22 +0800
Served asset /jquery_ujs.js - 304 Not Modified (0ms)


Started GET "/assets/jquery.js?body=1" for 127.0.0.1 at 2013-03-24 15:46:22 +0800
Served asset /jquery.js - 304 Not Modified (0ms)


Started GET "/" for 127.0.0.1 at 2013-03-24 16:08:31 +0800
Processing by EventsController#index as HTML
  [1m[35mEvent Load (0.2ms)[0m  SELECT "events".* FROM "events" 
  Rendered events/index.html.erb within layouts/application (4.5ms)
Completed 200 OK in 12ms (Views: 10.7ms | ActiveRecord: 0.2ms)


Started GET "/assets/application.css?body=1" for 127.0.0.1 at 2013-03-24 16:08:31 +0800
Served asset /application.css - 304 Not Modified (14ms)


Started GET "/assets/events.css?body=1" for 127.0.0.1 at 2013-03-24 16:08:31 +0800
Served asset /events.css - 304 Not Modified (0ms)


Started GET "/assets/jquery_ujs.js?body=1" for 127.0.0.1 at 2013-03-24 16:08:31 +0800
Served asset /jquery_ujs.js - 304 Not Modified (0ms)


Started GET "/assets/events.js?body=1" for 127.0.0.1 at 2013-03-24 16:08:31 +0800
Served asset /events.js - 304 Not Modified (0ms)


Started GET "/assets/jquery.js?body=1" for 127.0.0.1 at 2013-03-24 16:08:31 +0800
Served asset /jquery.js - 304 Not Modified (0ms)


Started GET "/assets/application.js?body=1" for 127.0.0.1 at 2013-03-24 16:08:31 +0800
Served asset /application.js - 304 Not Modified (1ms)
